#-----------------------------------------------------------
# Vivado v2019.2 (64-bit)
# SW Build 2708876 on Wed Nov  6 21:40:23 MST 2019
# IP Build 2700528 on Thu Nov  7 00:09:20 MST 2019
# Start of session at: Mon Dec 19 19:39:34 2022
# Process ID: 9292
# Current directory: C:/Vivado_project/LSU
# Command line: vivado.exe -gui_launcher_event rodinguilauncherevent9012 C:\Vivado_project\LSU\LSU.xpr
# Log file: C:/Vivado_project/LSU/vivado.log
# Journal file: C:/Vivado_project/LSU\vivado.jou
#-----------------------------------------------------------
start_gui
open_project C:/Vivado_project/LSU/LSU.xpr
Scanning sources...
Finished scanning sources
INFO: [IP_Flow 19-234] Refreshing IP repositories
INFO: [IP_Flow 19-1704] No user IP repositories specified
INFO: [IP_Flow 19-2313] Loaded Vivado IP repository 'C:/Xilinx/Vivado/2019.2/data/ip'.
update_compile_order -fileset sources_1
exit
INFO: [Common 17-206] Exiting Vivado at Sat Dec 24 17:32:26 2022...
